<?xml version="1.0" encoding="UTF-8"?>
<!-- Generated by org.testng.reporters.JUnitReportReporter -->
<testsuite hostname="LAPTOP-7ON8U4QB" failures="0" tests="2" name="Automation.Tests.SubmitOrderTest" time="24.226" errors="0" timestamp="2025-05-25T15:29:55 IST" skipped="0">
  <testcase classname="Automation.Tests.SubmitOrderTest" name="orderHistory" time="4.711"/>
  <testcase classname="Automation.Tests.SubmitOrderTest" name="submitOrder" time="19.515"/>
</testsuite> <!-- Automation.Tests.SubmitOrderTest -->
