<?xml version="1.0" encoding="UTF-8"?>
<!-- Generated by org.testng.reporters.JUnitReportReporter -->
<testsuite hostname="LAPTOP-7ON8U4QB" failures="0" tests="3" name="Automation.Tests.SubmitOrderTest" time="49.697" errors="0" timestamp="2025-06-01T13:34:37 IST" skipped="0">
  <testcase classname="Automation.Tests.SubmitOrderTest" name="submitOrder" time="19.117"/>
  <testcase classname="Automation.Tests.SubmitOrderTest" name="submitOrder" time="22.580"/>
  <testcase classname="Automation.Tests.SubmitOrderTest" name="orderHistory" time="8.000"/>
</testsuite> <!-- Automation.Tests.SubmitOrderTest -->
