<?xml version="1.0" encoding="UTF-8"?>
<!-- Generated by org.testng.reporters.JUnitReportReporter -->
<testsuite hostname="LAPTOP-7ON8U4QB" failures="0" tests="2" name="Automation.Tests.SubmitOrderTest" time="37.849" errors="0" timestamp="2025-05-26T19:04:07 IST" skipped="0">
  <testcase classname="Automation.Tests.SubmitOrderTest" name="submitOrder" time="18.166"/>
  <testcase classname="Automation.Tests.SubmitOrderTest" name="submitOrder" time="19.683"/>
</testsuite> <!-- Automation.Tests.SubmitOrderTest -->
