<?xml version="1.0" encoding="UTF-8"?>
<!-- Generated by org.testng.reporters.JUnitReportReporter -->
<testsuite hostname="LAPTOP-7ON8U4QB" failures="0" tests="2" name="Automation.Tests.ErrorValidationTest" time="10.893" errors="0" timestamp="2025-05-25T14:00:01 IST" skipped="0">
  <testcase classname="Automation.Tests.ErrorValidationTest" name="loginErrorValidation" time="5.105"/>
  <testcase classname="Automation.Tests.ErrorValidationTest" name="productErrorValidation" time="5.788"/>
</testsuite> <!-- Automation.Tests.ErrorValidationTest -->
