<?xml version="1.0" encoding="UTF-8"?>
<!-- Generated by org.testng.reporters.JUnitReportReporter -->
<testsuite hostname="LAPTOP-7ON8U4QB" failures="0" tests="1" name="Automation.Tests.ErrorValidation" time="5.378" errors="0" timestamp="2025-05-25T13:25:37 IST" skipped="0">
  <testcase classname="Automation.Tests.ErrorValidation" name="errorValidation" time="5.378"/>
</testsuite> <!-- Automation.Tests.ErrorValidation -->
