<?xml version="1.0" encoding="UTF-8"?>
<!-- Generated by org.testng.reporters.JUnitReportReporter -->
<testsuite hostname="LAPTOP-7ON8U4QB" failures="0" tests="5" name="Automation.Tests.SubmitOrderTest" time="54.245" errors="0" timestamp="2025-06-02T21:44:46 IST" skipped="2">
  <testcase classname="Automation.Tests.SubmitOrderTest" name="submitOrder" time="18.144"/>
  <testcase classname="Automation.Tests.SubmitOrderTest" name="submitOrder" time="5.791">
    <skipped/>
  </testcase> <!-- submitOrder -->
  <testcase classname="Automation.Tests.SubmitOrderTest" name="submitOrder" time="18.151"/>
  <testcase classname="Automation.Tests.SubmitOrderTest" name="submitOrder" time="5.795">
    <skipped/>
  </testcase> <!-- submitOrder -->
  <testcase classname="Automation.Tests.SubmitOrderTest" name="orderHistory" time="6.364"/>
</testsuite> <!-- Automation.Tests.SubmitOrderTest -->
