<?xml version="1.0" encoding="UTF-8"?>
<!-- Generated by org.testng.reporters.JUnitReportReporter -->
<testsuite hostname="LAPTOP-7ON8U4QB" failures="0" tests="1" name="Automation.Tests.ErrorValidationTest" time="7.068" errors="0" timestamp="2025-05-25T19:23:22 IST" skipped="0">
  <testcase classname="Automation.Tests.ErrorValidationTest" name="loginErrorValidation" time="7.068"/>
</testsuite> <!-- Automation.Tests.ErrorValidationTest -->
