<?xml version="1.0" encoding="UTF-8"?>
<!-- Generated by org.testng.reporters.JUnitReportReporter -->
<testsuite hostname="LAPTOP-7ON8U4QB" failures="0" tests="3" name="Automation.Tests.SubmitOrderTest" time="57.237" errors="0" timestamp="2025-06-01T21:42:44 IST" skipped="0">
  <testcase classname="Automation.Tests.SubmitOrderTest" name="orderHistory" time="11.858"/>
  <testcase classname="Automation.Tests.SubmitOrderTest" name="submitOrder" time="22.144"/>
  <testcase classname="Automation.Tests.SubmitOrderTest" name="submitOrder" time="23.235"/>
</testsuite> <!-- Automation.Tests.SubmitOrderTest -->
